[0.007s] Invoking command in '/home/asvin/projectKratos/build/turtle_controller': CMAKE_PREFIX_PATH=/home/asvin/ros2_ws/install/my_robot_controller:/opt/ros/humble /usr/bin/cmake /home/asvin/projectKratos/src/turtle_controller -DCMAKE_INSTALL_PREFIX=/home/asvin/projectKratos/install/turtle_controller
[0.232s] -- The C compiler identification is GNU 11.4.0
[0.360s] -- The CXX compiler identification is GNU 11.4.0
[0.370s] -- Detecting C compiler ABI info
[0.430s] -- Detecting C compiler ABI info - done
[0.436s] -- Check for working C compiler: /usr/bin/cc - skipped
[0.436s] -- Detecting C compile features
[0.437s] -- Detecting C compile features - done
[0.440s] -- Detecting CXX compiler ABI info
[0.495s] -- Detecting CXX compiler ABI info - done
[0.500s] -- Check for working CXX compiler: /usr/bin/c++ - skipped
[0.500s] -- Detecting CXX compile features
[0.500s] -- Detecting CXX compile features - done
[0.514s] -- Found ament_cmake: 1.3.11 (/opt/ros/humble/share/ament_cmake/cmake)
[0.612s] -- Found Python3: /usr/bin/python3 (found version "3.10.12") found components: Interpreter 
[0.680s] -- Found rclpy: 3.3.16 (/opt/ros/humble/share/rclpy/cmake)
[0.682s] -- Found geometry_msgs: 4.8.0 (/opt/ros/humble/share/geometry_msgs/cmake)
[0.730s] -- Found rosidl_generator_c: 3.1.6 (/opt/ros/humble/share/rosidl_generator_c/cmake)
[0.736s] -- Found rosidl_adapter: 3.1.6 (/opt/ros/humble/share/rosidl_adapter/cmake)
[0.744s] -- Found rosidl_generator_cpp: 3.1.6 (/opt/ros/humble/share/rosidl_generator_cpp/cmake)
[0.758s] -- Using all available rosidl_typesupport_c: rosidl_typesupport_fastrtps_c;rosidl_typesupport_introspection_c
[0.774s] -- Using all available rosidl_typesupport_cpp: rosidl_typesupport_fastrtps_cpp;rosidl_typesupport_introspection_cpp
[0.845s] -- Configuring done
[0.847s] -- Generating done
[0.849s] -- Build files have been written to: /home/asvin/projectKratos/build/turtle_controller
[0.852s] Invoked command in '/home/asvin/projectKratos/build/turtle_controller' returned '0': CMAKE_PREFIX_PATH=/home/asvin/ros2_ws/install/my_robot_controller:/opt/ros/humble /usr/bin/cmake /home/asvin/projectKratos/src/turtle_controller -DCMAKE_INSTALL_PREFIX=/home/asvin/projectKratos/install/turtle_controller
[0.854s] Invoking command in '/home/asvin/projectKratos/build/turtle_controller': CMAKE_PREFIX_PATH=/home/asvin/ros2_ws/install/my_robot_controller:/opt/ros/humble /usr/bin/cmake --build /home/asvin/projectKratos/build/turtle_controller -- -j4 -l4
[0.877s] Invoked command in '/home/asvin/projectKratos/build/turtle_controller' returned '0': CMAKE_PREFIX_PATH=/home/asvin/ros2_ws/install/my_robot_controller:/opt/ros/humble /usr/bin/cmake --build /home/asvin/projectKratos/build/turtle_controller -- -j4 -l4
[0.882s] Invoking command in '/home/asvin/projectKratos/build/turtle_controller': CMAKE_PREFIX_PATH=/home/asvin/ros2_ws/install/my_robot_controller:/opt/ros/humble /usr/bin/cmake --install /home/asvin/projectKratos/build/turtle_controller
[0.885s] -- Install configuration: ""
[0.885s] -- Installing: /home/asvin/projectKratos/install/turtle_controller/lib/turtle_controller/draw_circle.py
[0.885s] -- Installing: /home/asvin/projectKratos/install/turtle_controller/lib/python3.10/site-packages/turtle_controller
[0.885s] -- Installing: /home/asvin/projectKratos/install/turtle_controller/lib/python3.10/site-packages/turtle_controller/__init__.py
[0.885s] -- Installing: /home/asvin/projectKratos/install/turtle_controller/share/ament_index/resource_index/package_run_dependencies/turtle_controller
[0.885s] -- Installing: /home/asvin/projectKratos/install/turtle_controller/share/ament_index/resource_index/parent_prefix_path/turtle_controller
[0.885s] -- Installing: /home/asvin/projectKratos/install/turtle_controller/share/turtle_controller/environment/ament_prefix_path.sh
[0.885s] -- Installing: /home/asvin/projectKratos/install/turtle_controller/share/turtle_controller/environment/ament_prefix_path.dsv
[0.886s] -- Installing: /home/asvin/projectKratos/install/turtle_controller/share/turtle_controller/environment/path.sh
[0.886s] -- Installing: /home/asvin/projectKratos/install/turtle_controller/share/turtle_controller/environment/path.dsv
[0.886s] -- Installing: /home/asvin/projectKratos/install/turtle_controller/share/turtle_controller/local_setup.bash
[0.886s] -- Installing: /home/asvin/projectKratos/install/turtle_controller/share/turtle_controller/local_setup.sh
[0.886s] -- Installing: /home/asvin/projectKratos/install/turtle_controller/share/turtle_controller/local_setup.zsh
[0.886s] -- Installing: /home/asvin/projectKratos/install/turtle_controller/share/turtle_controller/local_setup.dsv
[0.886s] -- Installing: /home/asvin/projectKratos/install/turtle_controller/share/turtle_controller/package.dsv
[0.886s] -- Installing: /home/asvin/projectKratos/install/turtle_controller/share/ament_index/resource_index/packages/turtle_controller
[0.886s] -- Installing: /home/asvin/projectKratos/install/turtle_controller/share/turtle_controller/cmake/turtle_controllerConfig.cmake
[0.886s] -- Installing: /home/asvin/projectKratos/install/turtle_controller/share/turtle_controller/cmake/turtle_controllerConfig-version.cmake
[0.886s] -- Installing: /home/asvin/projectKratos/install/turtle_controller/share/turtle_controller/package.xml
[0.887s] Invoked command in '/home/asvin/projectKratos/build/turtle_controller' returned '0': CMAKE_PREFIX_PATH=/home/asvin/ros2_ws/install/my_robot_controller:/opt/ros/humble /usr/bin/cmake --install /home/asvin/projectKratos/build/turtle_controller
