[0.579s] Invoking command in '/home/asvin/ros2_ws/build/my_robot_controller': PYTHONPATH=/home/asvin/ros2_ws/build/my_robot_controller/prefix_override:/usr/lib/python3/dist-packages/colcon_core/task/python/colcon_distutils_commands:/home/asvin/ros2_ws/install/my_robot_controller/lib/python3.10/site-packages:${PYTHONPATH} /usr/bin/python3 -W ignore:setup.py install is deprecated -W ignore:easy_install command is deprecated setup.py develop --editable --build-directory /home/asvin/ros2_ws/build/my_robot_controller/build --no-deps symlink_data
[0.715s] running develop
[0.815s] running egg_info
[0.815s] writing my_robot_controller.egg-info/PKG-INFO
[0.816s] writing dependency_links to my_robot_controller.egg-info/dependency_links.txt
[0.816s] writing entry points to my_robot_controller.egg-info/entry_points.txt
[0.816s] writing requirements to my_robot_controller.egg-info/requires.txt
[0.816s] writing top-level names to my_robot_controller.egg-info/top_level.txt
[0.817s] reading manifest file 'my_robot_controller.egg-info/SOURCES.txt'
[0.818s] writing manifest file 'my_robot_controller.egg-info/SOURCES.txt'
[0.819s] running build_ext
[0.819s] Creating /home/asvin/ros2_ws/install/my_robot_controller/lib/python3.10/site-packages/my-robot-controller.egg-link (link to .)
[0.819s] Installing draw_circle script to /home/asvin/ros2_ws/install/my_robot_controller/lib/my_robot_controller
[0.820s] Installing pose_subscriber script to /home/asvin/ros2_ws/install/my_robot_controller/lib/my_robot_controller
[0.820s] Installing test_node script to /home/asvin/ros2_ws/install/my_robot_controller/lib/my_robot_controller
[0.821s] Installing turtle_controller script to /home/asvin/ros2_ws/install/my_robot_controller/lib/my_robot_controller
[0.821s] 
[0.821s] Installed /home/asvin/ros2_ws/build/my_robot_controller
[0.821s] running symlink_data
[0.846s] Invoked command in '/home/asvin/ros2_ws/build/my_robot_controller' returned '0': PYTHONPATH=/home/asvin/ros2_ws/build/my_robot_controller/prefix_override:/usr/lib/python3/dist-packages/colcon_core/task/python/colcon_distutils_commands:/home/asvin/ros2_ws/install/my_robot_controller/lib/python3.10/site-packages:${PYTHONPATH} /usr/bin/python3 -W ignore:setup.py install is deprecated -W ignore:easy_install command is deprecated setup.py develop --editable --build-directory /home/asvin/ros2_ws/build/my_robot_controller/build --no-deps symlink_data
