[0.973s] Invoking command in '/home/asvin/ros2_ws/src/my_robot_controller': PYTHONPATH=/home/asvin/ros2_ws/src/build/my_robot_controller/prefix_override:/usr/lib/python3/dist-packages/colcon_core/task/python/colcon_distutils_commands:/home/asvin/ros2_ws/src/install/my_robot_controller/lib/python3.10/site-packages:${PYTHONPATH} /usr/bin/python3 -W ignore:setup.py install is deprecated -W ignore:easy_install command is deprecated setup.py egg_info --egg-base ../build/my_robot_controller build --build-base /home/asvin/ros2_ws/src/build/my_robot_controller/build install --record /home/asvin/ros2_ws/src/build/my_robot_controller/install.log --single-version-externally-managed install_data
[1.124s] running egg_info
[1.125s] creating ../build/my_robot_controller/my_robot_controller.egg-info
[1.125s] writing ../build/my_robot_controller/my_robot_controller.egg-info/PKG-INFO
[1.127s] writing dependency_links to ../build/my_robot_controller/my_robot_controller.egg-info/dependency_links.txt
[1.127s] writing entry points to ../build/my_robot_controller/my_robot_controller.egg-info/entry_points.txt
[1.127s] writing requirements to ../build/my_robot_controller/my_robot_controller.egg-info/requires.txt
[1.127s] writing top-level names to ../build/my_robot_controller/my_robot_controller.egg-info/top_level.txt
[1.127s] writing manifest file '../build/my_robot_controller/my_robot_controller.egg-info/SOURCES.txt'
[1.127s] reading manifest file '../build/my_robot_controller/my_robot_controller.egg-info/SOURCES.txt'
[1.128s] writing manifest file '../build/my_robot_controller/my_robot_controller.egg-info/SOURCES.txt'
[1.128s] running build
[1.128s] running build_py
[1.128s] creating /home/asvin/ros2_ws/src/build/my_robot_controller/build
[1.128s] creating /home/asvin/ros2_ws/src/build/my_robot_controller/build/lib
[1.128s] creating /home/asvin/ros2_ws/src/build/my_robot_controller/build/lib/my_robot_controller
[1.128s] copying my_robot_controller/__init__.py -> /home/asvin/ros2_ws/src/build/my_robot_controller/build/lib/my_robot_controller
[1.128s] copying my_robot_controller/my_first_node.py -> /home/asvin/ros2_ws/src/build/my_robot_controller/build/lib/my_robot_controller
[1.128s] running install
[1.129s] running install_lib
[1.129s] creating /home/asvin/ros2_ws/src/install/my_robot_controller/lib/python3.10/site-packages/my_robot_controller
[1.129s] copying /home/asvin/ros2_ws/src/build/my_robot_controller/build/lib/my_robot_controller/__init__.py -> /home/asvin/ros2_ws/src/install/my_robot_controller/lib/python3.10/site-packages/my_robot_controller
[1.129s] copying /home/asvin/ros2_ws/src/build/my_robot_controller/build/lib/my_robot_controller/my_first_node.py -> /home/asvin/ros2_ws/src/install/my_robot_controller/lib/python3.10/site-packages/my_robot_controller
[1.130s] byte-compiling /home/asvin/ros2_ws/src/install/my_robot_controller/lib/python3.10/site-packages/my_robot_controller/__init__.py to __init__.cpython-310.pyc
[1.130s] byte-compiling /home/asvin/ros2_ws/src/install/my_robot_controller/lib/python3.10/site-packages/my_robot_controller/my_first_node.py to my_first_node.cpython-310.pyc
[1.130s] running install_data
[1.130s] creating /home/asvin/ros2_ws/src/install/my_robot_controller/share/ament_index
[1.131s] creating /home/asvin/ros2_ws/src/install/my_robot_controller/share/ament_index/resource_index
[1.131s] creating /home/asvin/ros2_ws/src/install/my_robot_controller/share/ament_index/resource_index/packages
[1.131s] copying resource/my_robot_controller -> /home/asvin/ros2_ws/src/install/my_robot_controller/share/ament_index/resource_index/packages
[1.131s] copying package.xml -> /home/asvin/ros2_ws/src/install/my_robot_controller/share/my_robot_controller
[1.131s] running install_egg_info
[1.133s] Copying ../build/my_robot_controller/my_robot_controller.egg-info to /home/asvin/ros2_ws/src/install/my_robot_controller/lib/python3.10/site-packages/my_robot_controller-0.0.0-py3.10.egg-info
[1.134s] running install_scripts
[1.162s] Installing test_node script to /home/asvin/ros2_ws/src/install/my_robot_controller/lib/my_robot_controller
[1.162s] writing list of installed files to '/home/asvin/ros2_ws/src/build/my_robot_controller/install.log'
[1.179s] Invoked command in '/home/asvin/ros2_ws/src/my_robot_controller' returned '0': PYTHONPATH=/home/asvin/ros2_ws/src/build/my_robot_controller/prefix_override:/usr/lib/python3/dist-packages/colcon_core/task/python/colcon_distutils_commands:/home/asvin/ros2_ws/src/install/my_robot_controller/lib/python3.10/site-packages:${PYTHONPATH} /usr/bin/python3 -W ignore:setup.py install is deprecated -W ignore:easy_install command is deprecated setup.py egg_info --egg-base ../build/my_robot_controller build --build-base /home/asvin/ros2_ws/src/build/my_robot_controller/build install --record /home/asvin/ros2_ws/src/build/my_robot_controller/install.log --single-version-externally-managed install_data
