[0.008s] Invoking command in '/home/asvin/projectKratos/build/turtle_controller': CMAKE_PREFIX_PATH=${CMAKE_PREFIX_PATH}:/home/asvin/ros2_ws/install/my_robot_controller:/opt/ros/humble /usr/bin/cmake --build /home/asvin/projectKratos/build/turtle_controller -- -j4 -l4
[0.051s] Invoked command in '/home/asvin/projectKratos/build/turtle_controller' returned '0': CMAKE_PREFIX_PATH=${CMAKE_PREFIX_PATH}:/home/asvin/ros2_ws/install/my_robot_controller:/opt/ros/humble /usr/bin/cmake --build /home/asvin/projectKratos/build/turtle_controller -- -j4 -l4
[0.058s] Invoking command in '/home/asvin/projectKratos/build/turtle_controller': CMAKE_PREFIX_PATH=${CMAKE_PREFIX_PATH}:/home/asvin/ros2_ws/install/my_robot_controller:/opt/ros/humble /usr/bin/cmake --install /home/asvin/projectKratos/build/turtle_controller
[0.061s] -- Install configuration: ""
[0.061s] -- Installing: /home/asvin/projectKratos/install/turtle_controller/lib/turtle_controller/draw_circle.py
[0.061s] -- Up-to-date: /home/asvin/projectKratos/install/turtle_controller/lib/python3.10/site-packages/turtle_controller
[0.061s] -- Up-to-date: /home/asvin/projectKratos/install/turtle_controller/lib/python3.10/site-packages/turtle_controller/__init__.py
[0.062s] -- Up-to-date: /home/asvin/projectKratos/install/turtle_controller/share/ament_index/resource_index/package_run_dependencies/turtle_controller
[0.062s] -- Up-to-date: /home/asvin/projectKratos/install/turtle_controller/share/ament_index/resource_index/parent_prefix_path/turtle_controller
[0.062s] -- Up-to-date: /home/asvin/projectKratos/install/turtle_controller/share/turtle_controller/environment/ament_prefix_path.sh
[0.062s] -- Up-to-date: /home/asvin/projectKratos/install/turtle_controller/share/turtle_controller/environment/ament_prefix_path.dsv
[0.062s] -- Up-to-date: /home/asvin/projectKratos/install/turtle_controller/share/turtle_controller/environment/path.sh
[0.062s] -- Up-to-date: /home/asvin/projectKratos/install/turtle_controller/share/turtle_controller/environment/path.dsv
[0.062s] -- Up-to-date: /home/asvin/projectKratos/install/turtle_controller/share/turtle_controller/local_setup.bash
[0.062s] -- Up-to-date: /home/asvin/projectKratos/install/turtle_controller/share/turtle_controller/local_setup.sh
[0.062s] -- Up-to-date: /home/asvin/projectKratos/install/turtle_controller/share/turtle_controller/local_setup.zsh
[0.062s] -- Up-to-date: /home/asvin/projectKratos/install/turtle_controller/share/turtle_controller/local_setup.dsv
[0.062s] -- Installing: /home/asvin/projectKratos/install/turtle_controller/share/turtle_controller/package.dsv
[0.062s] -- Up-to-date: /home/asvin/projectKratos/install/turtle_controller/share/ament_index/resource_index/packages/turtle_controller
[0.062s] -- Up-to-date: /home/asvin/projectKratos/install/turtle_controller/share/turtle_controller/cmake/turtle_controllerConfig.cmake
[0.062s] -- Up-to-date: /home/asvin/projectKratos/install/turtle_controller/share/turtle_controller/cmake/turtle_controllerConfig-version.cmake
[0.062s] -- Up-to-date: /home/asvin/projectKratos/install/turtle_controller/share/turtle_controller/package.xml
[0.063s] Invoked command in '/home/asvin/projectKratos/build/turtle_controller' returned '0': CMAKE_PREFIX_PATH=${CMAKE_PREFIX_PATH}:/home/asvin/ros2_ws/install/my_robot_controller:/opt/ros/humble /usr/bin/cmake --install /home/asvin/projectKratos/build/turtle_controller
