[0.474s] Invoking command in '/home/asvin/ros2_ws/src/my_robot_controller': PYTHONPATH=/home/asvin/ros2_ws/build/my_robot_controller/prefix_override:/usr/lib/python3/dist-packages/colcon_core/task/python/colcon_distutils_commands:/home/asvin/ros2_ws/install/my_robot_controller/lib/python3.10/site-packages:${PYTHONPATH} /usr/bin/python3 -W ignore:setup.py install is deprecated -W ignore:easy_install command is deprecated setup.py egg_info --egg-base ../../build/my_robot_controller build --build-base /home/asvin/ros2_ws/build/my_robot_controller/build install --record /home/asvin/ros2_ws/build/my_robot_controller/install.log --single-version-externally-managed install_data
[0.593s] running egg_info
[0.593s] creating ../../build/my_robot_controller/my_robot_controller.egg-info
[0.594s] writing ../../build/my_robot_controller/my_robot_controller.egg-info/PKG-INFO
[0.594s] writing dependency_links to ../../build/my_robot_controller/my_robot_controller.egg-info/dependency_links.txt
[0.594s] writing entry points to ../../build/my_robot_controller/my_robot_controller.egg-info/entry_points.txt
[0.594s] writing requirements to ../../build/my_robot_controller/my_robot_controller.egg-info/requires.txt
[0.594s] writing top-level names to ../../build/my_robot_controller/my_robot_controller.egg-info/top_level.txt
[0.594s] writing manifest file '../../build/my_robot_controller/my_robot_controller.egg-info/SOURCES.txt'
[0.595s] reading manifest file '../../build/my_robot_controller/my_robot_controller.egg-info/SOURCES.txt'
[0.595s] writing manifest file '../../build/my_robot_controller/my_robot_controller.egg-info/SOURCES.txt'
[0.596s] running build
[0.596s] running build_py
[0.596s] creating /home/asvin/ros2_ws/build/my_robot_controller/build
[0.596s] creating /home/asvin/ros2_ws/build/my_robot_controller/build/lib
[0.596s] creating /home/asvin/ros2_ws/build/my_robot_controller/build/lib/my_robot_controller
[0.596s] copying my_robot_controller/__init__.py -> /home/asvin/ros2_ws/build/my_robot_controller/build/lib/my_robot_controller
[0.596s] running install
[0.596s] running install_lib
[0.596s] creating /home/asvin/ros2_ws/install/my_robot_controller/lib/python3.10/site-packages/my_robot_controller
[0.597s] copying /home/asvin/ros2_ws/build/my_robot_controller/build/lib/my_robot_controller/__init__.py -> /home/asvin/ros2_ws/install/my_robot_controller/lib/python3.10/site-packages/my_robot_controller
[0.597s] byte-compiling /home/asvin/ros2_ws/install/my_robot_controller/lib/python3.10/site-packages/my_robot_controller/__init__.py to __init__.cpython-310.pyc
[0.597s] running install_data
[0.597s] creating /home/asvin/ros2_ws/install/my_robot_controller/share/ament_index
[0.597s] creating /home/asvin/ros2_ws/install/my_robot_controller/share/ament_index/resource_index
[0.597s] creating /home/asvin/ros2_ws/install/my_robot_controller/share/ament_index/resource_index/packages
[0.597s] copying resource/my_robot_controller -> /home/asvin/ros2_ws/install/my_robot_controller/share/ament_index/resource_index/packages
[0.597s] copying package.xml -> /home/asvin/ros2_ws/install/my_robot_controller/share/my_robot_controller
[0.597s] running install_egg_info
[0.598s] Copying ../../build/my_robot_controller/my_robot_controller.egg-info to /home/asvin/ros2_ws/install/my_robot_controller/lib/python3.10/site-packages/my_robot_controller-0.0.0-py3.10.egg-info
[0.599s] running install_scripts
[0.610s] writing list of installed files to '/home/asvin/ros2_ws/build/my_robot_controller/install.log'
[0.624s] Invoked command in '/home/asvin/ros2_ws/src/my_robot_controller' returned '0': PYTHONPATH=/home/asvin/ros2_ws/build/my_robot_controller/prefix_override:/usr/lib/python3/dist-packages/colcon_core/task/python/colcon_distutils_commands:/home/asvin/ros2_ws/install/my_robot_controller/lib/python3.10/site-packages:${PYTHONPATH} /usr/bin/python3 -W ignore:setup.py install is deprecated -W ignore:easy_install command is deprecated setup.py egg_info --egg-base ../../build/my_robot_controller build --build-base /home/asvin/ros2_ws/build/my_robot_controller/build install --record /home/asvin/ros2_ws/build/my_robot_controller/install.log --single-version-externally-managed install_data
