[0.291s] DEBUG:colcon:Command line arguments: ['/usr/bin/colcon', 'list', '-p', '--base-paths', '/home/asvin/projectKratos']
[0.291s] DEBUG:colcon:Parsed command line arguments: Namespace(log_base=None, log_level=None, verb_name='list', build_base='build', ignore_user_meta=False, metas=['./colcon.meta'], base_paths=['/home/asvin/projectKratos'], packages_ignore=None, packages_ignore_regex=None, paths=None, packages_up_to=None, packages_up_to_regex=None, packages_above=None, packages_above_and_dependencies=None, packages_above_depth=None, packages_select_by_dep=None, packages_skip_by_dep=None, packages_skip_up_to=None, packages_select_build_failed=False, packages_skip_build_finished=False, packages_select_test_failures=False, packages_skip_test_passed=False, packages_select=None, packages_skip=None, packages_select_regex=None, packages_skip_regex=None, packages_start=None, packages_end=None, allow_overriding=[], topological_order=False, names_only=False, paths_only=True, topological_graph=False, topological_graph_dot=False, topological_graph_density=False, topological_graph_legend=False, topological_graph_dot_cluster=False, topological_graph_dot_include_skipped=False, verb_parser=<colcon_defaults.argument_parser.defaults.DefaultArgumentsDecorator object at 0xffff86fe1a50>, verb_extension=<colcon_package_information.verb.list.ListVerb object at 0xffff86fe0a60>, main=<bound method ListVerb.main of <colcon_package_information.verb.list.ListVerb object at 0xffff86fe0a60>>)
[0.818s] Level 1:colcon.colcon_core.package_discovery:discover_packages(colcon_meta) check parameters
[0.818s] Level 1:colcon.colcon_core.package_discovery:discover_packages(recursive) check parameters
[0.818s] Level 1:colcon.colcon_core.package_discovery:discover_packages(ignore) check parameters
[0.818s] Level 1:colcon.colcon_core.package_discovery:discover_packages(path) check parameters
[0.818s] Level 1:colcon.colcon_core.package_discovery:discover_packages(recursive) discover
[0.818s] INFO:colcon.colcon_core.package_discovery:Crawling recursively for packages in '/home/asvin/projectKratos'
[0.818s] Level 1:colcon.colcon_core.package_identification:_identify(/home/asvin/projectKratos) by extensions ['ignore', 'ignore_ament_install']
[0.819s] Level 1:colcon.colcon_core.package_identification:_identify(/home/asvin/projectKratos) by extension 'ignore'
[0.819s] Level 1:colcon.colcon_core.package_identification:_identify(/home/asvin/projectKratos) by extension 'ignore_ament_install'
[0.819s] Level 1:colcon.colcon_core.package_identification:_identify(/home/asvin/projectKratos) by extensions ['colcon_pkg']
[0.819s] Level 1:colcon.colcon_core.package_identification:_identify(/home/asvin/projectKratos) by extension 'colcon_pkg'
[0.819s] Level 1:colcon.colcon_core.package_identification:_identify(/home/asvin/projectKratos) by extensions ['colcon_meta']
[0.819s] Level 1:colcon.colcon_core.package_identification:_identify(/home/asvin/projectKratos) by extension 'colcon_meta'
[0.819s] Level 1:colcon.colcon_core.package_identification:_identify(/home/asvin/projectKratos) by extensions ['ros']
[0.819s] Level 1:colcon.colcon_core.package_identification:_identify(/home/asvin/projectKratos) by extension 'ros'
[0.878s] Level 1:colcon.colcon_core.package_identification:_identify(/home/asvin/projectKratos) by extensions ['cmake', 'python']
[0.878s] Level 1:colcon.colcon_core.package_identification:_identify(/home/asvin/projectKratos) by extension 'cmake'
[0.878s] Level 1:colcon.colcon_core.package_identification:_identify(/home/asvin/projectKratos) by extension 'python'
[0.878s] Level 1:colcon.colcon_core.package_identification:_identify(/home/asvin/projectKratos) by extensions ['python_setup_py']
[0.878s] Level 1:colcon.colcon_core.package_identification:_identify(/home/asvin/projectKratos) by extension 'python_setup_py'
[0.878s] Level 1:colcon.colcon_core.package_identification:_identify(/home/asvin/projectKratos/log) by extensions ['ignore', 'ignore_ament_install']
[0.879s] Level 1:colcon.colcon_core.package_identification:_identify(/home/asvin/projectKratos/log) by extension 'ignore'
[0.879s] Level 1:colcon.colcon_core.package_identification:_identify(/home/asvin/projectKratos/log) ignored
[0.879s] Level 1:colcon.colcon_core.package_identification:_identify(/home/asvin/projectKratos/src) by extensions ['ignore', 'ignore_ament_install']
[0.879s] Level 1:colcon.colcon_core.package_identification:_identify(/home/asvin/projectKratos/src) by extension 'ignore'
[0.879s] Level 1:colcon.colcon_core.package_identification:_identify(/home/asvin/projectKratos/src) by extension 'ignore_ament_install'
[0.879s] Level 1:colcon.colcon_core.package_identification:_identify(/home/asvin/projectKratos/src) by extensions ['colcon_pkg']
[0.879s] Level 1:colcon.colcon_core.package_identification:_identify(/home/asvin/projectKratos/src) by extension 'colcon_pkg'
[0.879s] Level 1:colcon.colcon_core.package_identification:_identify(/home/asvin/projectKratos/src) by extensions ['colcon_meta']
[0.879s] Level 1:colcon.colcon_core.package_identification:_identify(/home/asvin/projectKratos/src) by extension 'colcon_meta'
[0.879s] Level 1:colcon.colcon_core.package_identification:_identify(/home/asvin/projectKratos/src) by extensions ['ros']
[0.879s] Level 1:colcon.colcon_core.package_identification:_identify(/home/asvin/projectKratos/src) by extension 'ros'
[0.880s] Level 1:colcon.colcon_core.package_identification:_identify(/home/asvin/projectKratos/src) by extensions ['cmake', 'python']
[0.880s] Level 1:colcon.colcon_core.package_identification:_identify(/home/asvin/projectKratos/src) by extension 'cmake'
[0.880s] Level 1:colcon.colcon_core.package_identification:_identify(/home/asvin/projectKratos/src) by extension 'python'
[0.880s] Level 1:colcon.colcon_core.package_identification:_identify(/home/asvin/projectKratos/src) by extensions ['python_setup_py']
[0.880s] Level 1:colcon.colcon_core.package_identification:_identify(/home/asvin/projectKratos/src) by extension 'python_setup_py'
[0.880s] Level 1:colcon.colcon_core.package_identification:_identify(/home/asvin/projectKratos/src/turtle_controller) by extensions ['ignore', 'ignore_ament_install']
[0.880s] Level 1:colcon.colcon_core.package_identification:_identify(/home/asvin/projectKratos/src/turtle_controller) by extension 'ignore'
[0.881s] Level 1:colcon.colcon_core.package_identification:_identify(/home/asvin/projectKratos/src/turtle_controller) by extension 'ignore_ament_install'
[0.881s] Level 1:colcon.colcon_core.package_identification:_identify(/home/asvin/projectKratos/src/turtle_controller) by extensions ['colcon_pkg']
[0.881s] Level 1:colcon.colcon_core.package_identification:_identify(/home/asvin/projectKratos/src/turtle_controller) by extension 'colcon_pkg'
[0.881s] Level 1:colcon.colcon_core.package_identification:_identify(/home/asvin/projectKratos/src/turtle_controller) by extensions ['colcon_meta']
[0.881s] Level 1:colcon.colcon_core.package_identification:_identify(/home/asvin/projectKratos/src/turtle_controller) by extension 'colcon_meta'
[0.881s] Level 1:colcon.colcon_core.package_identification:_identify(/home/asvin/projectKratos/src/turtle_controller) by extensions ['ros']
[0.881s] Level 1:colcon.colcon_core.package_identification:_identify(/home/asvin/projectKratos/src/turtle_controller) by extension 'ros'
[0.885s] DEBUG:colcon.colcon_core.package_identification:Package '/home/asvin/projectKratos/src/turtle_controller' with type 'ros.ament_cmake' and name 'turtle_controller'
[0.885s] Level 1:colcon.colcon_core.package_discovery:discover_packages(recursive) using defaults
